<?xml version="1.0" encoding="UTF-8"?>
<!-- Generated by org.testng.reporters.JUnitReportReporter -->
<testsuite hostname="LAPTOP-I9VA5NP4" failures="0" tests="4" name="com.musiccoast.testng.Alloutput" time="90.685" errors="0" timestamp="2022-11-23T17:50:25 IST" skipped="0">
  <testcase classname="com.musiccoast.testng.Alloutput" name="EnterUrl" time="18.475"/>
  <system-out/>
  <testcase classname="com.musiccoast.testng.Alloutput" name="ClickOnUser" time="16.185"/>
  <system-out/>
  <testcase classname="com.musiccoast.testng.Alloutput" name="MobilenumberAdded" time="26.435"/>
  <system-out/>
  <testcase classname="com.musiccoast.testng.Alloutput" name="clickonContinue" time="29.590"/>
  <system-out/>
</testsuite> <!-- com.musiccoast.testng.Alloutput -->
